<?xml version="1.0" encoding="UTF-8"?>
<!-- Generated by org.testng.reporters.JUnitReportReporter -->
<testsuite hostname="DESKTOP-H5RUEN0" failures="0" tests="1" name="com.bankusers.testcases.TC001_LoginTest" time="0.549" errors="0" timestamp="01 Dec 2021 05:09:33 GMT" skipped="0">
  <testcase classname="com.bankusers.testcases.TC001_LoginTest" name="LoginTest" time="0.549"/>
</testsuite> <!-- com.bankusers.testcases.TC001_LoginTest -->
